# JRE version: OpenJDK Runtime Environment (21.0.9+10) (build 21.0.9+10-Ubuntu-124.04)
# Java VM: OpenJDK 64-Bit Server VM (21.0.9+10-Ubuntu-124.04, mixed mode, sharing, tiered, compressed oops, compressed class ptrs, g1 gc, linux-amd64)
Heap:
 garbage-first heap   total 324608K, used 203793K [0x0000000083e00000, 0x0000000100000000)
  region size 1024K, 89 young (91136K), 19 survivors (19456K)
 Metaspace       used 11367K, committed 11648K, reserved 1114112K
  class space    used 1032K, committed 1152K, reserved 1048576K
GC Heap History (20 events):
Event: 26.278 GC heap before
{Heap before GC invocations=5 (full 0):
 garbage-first heap   total 141312K, used 131130K [0x0000000083e00000, 0x0000000100000000)
  region size 1024K, 35 young (35840K), 3 survivors (3072K)
 Metaspace       used 10510K, committed 10816K, reserved 1114112K
  class space    used 1025K, committed 1152K, reserved 1048576K
}
Event: 26.290 GC heap after
{Heap after GC invocations=6 (full 0):
 garbage-first heap   total 141312K, used 94273K [0x0000000083e00000, 0x0000000100000000)
  region size 1024K, 3 young (3072K), 3 survivors (3072K)
 Metaspace       used 10510K, committed 10816K, reserved 1114112K
  class space    used 1025K, committed 1152K, reserved 1048576K
}
Event: 35.468 GC heap before
{Heap before GC invocations=6 (full 0):
 garbage-first heap   total 141312K, used 132161K [0x0000000083e00000, 0x0000000100000000)
  region size 1024K, 40 young (40960K), 3 survivors (3072K)
 Metaspace       used 10861K, committed 11136K, reserved 1114112K
  class space    used 1025K, committed 1152K, reserved 1048576K
}
Event: 35.478 GC heap after
{Heap after GC invocations=7 (full 0):
 garbage-first heap   total 141312K, used 94307K [0x0000000083e00000, 0x0000000100000000)
  region size 1024K, 3 young (3072K), 3 survivors (3072K)
 Metaspace       used 10861K, committed 11136K, reserved 1114112K
  class space    used 1025K, committed 1152K, reserved 1048576K
}
Event: 42.146 GC heap before
{Heap before GC invocations=8 (full 0):
 garbage-first heap   total 158720K, used 132195K [0x0000000083e00000, 0x0000000100000000)
  region size 1024K, 40 young (40960K), 3 survivors (3072K)
 Metaspace       used 10888K, committed 11136K, reserved 1114112K
  class space    used 1025K, committed 1152K, reserved 1048576K
}
Event: 42.158 GC heap after
{Heap after GC invocations=9 (full 0):
 garbage-first heap   total 158720K, used 94412K [0x0000000083e00000, 0x0000000100000000)
  region size 1024K, 3 young (3072K), 3 survivors (3072K)
 Metaspace       used 10888K, committed 11136K, reserved 1114112K
  class space    used 1025K, committed 1152K, reserved 1048576K
}
Event: 54.981 GC heap before
{Heap before GC invocations=9 (full 0):
 garbage-first heap   total 158720K, used 148684K [0x0000000083e00000, 0x0000000100000000)
  region size 1024K, 56 young (57344K), 3 survivors (3072K)
 Metaspace       used 10932K, committed 11200K, reserved 1114112K
  class space    used 1026K, committed 1152K, reserved 1048576K
}
Event: 54.986 GC heap after
{Heap after GC invocations=10 (full 0):
 garbage-first heap   total 158720K, used 95029K [0x0000000083e00000, 0x0000000100000000)
  region size 1024K, 3 young (3072K), 3 survivors (3072K)
 Metaspace       used 10932K, committed 11200K, reserved 1114112K
  class space    used 1026K, committed 1152K, reserved 1048576K
}
Event: 66.272 GC heap before
{Heap before GC invocations=11 (full 0):
 garbage-first heap   total 158720K, used 149301K [0x0000000083e00000, 0x0000000100000000)
  region size 1024K, 56 young (57344K), 3 survivors (3072K)
 Metaspace       used 10933K, committed 11200K, reserved 1114112K
  class space    used 1026K, committed 1152K, reserved 1048576K
}
Event: 66.284 GC heap after
{Heap after GC invocations=12 (full 0):
 garbage-first heap   total 317440K, used 94860K [0x0000000083e00000, 0x0000000100000000)
  region size 1024K, 3 young (3072K), 3 survivors (3072K)
 Metaspace       used 10933K, committed 11200K, reserved 1114112K
  class space    used 1026K, committed 1152K, reserved 1048576K
}
Event: 112.160 GC heap before
{Heap before GC invocations=12 (full 0):
 garbage-first heap   total 317440K, used 282252K [0x0000000083e00000, 0x0000000100000000)
  region size 1024K, 186 young (190464K), 3 survivors (3072K)
 Metaspace       used 10945K, committed 11200K, reserved 1114112K
  class space    used 1026K, committed 1152K, reserved 1048576K
}
Event: 112.175 GC heap after
{Heap after GC invocations=13 (full 0):
 garbage-first heap   total 317440K, used 95345K [0x0000000083e00000, 0x0000000100000000)
  region size 1024K, 4 young (4096K), 4 survivors (4096K)
 Metaspace       used 10945K, committed 11200K, reserved 1114112K
  class space    used 1026K, committed 1152K, reserved 1048576K
}
Event: 149.660 GC heap before
{Heap before GC invocations=13 (full 0):
 garbage-first heap   total 317440K, used 281713K [0x0000000083e00000, 0x0000000100000000)
  region size 1024K, 186 young (190464K), 4 survivors (4096K)
 Metaspace       used 10990K, committed 11200K, reserved 1114112K
  class space    used 1027K, committed 1152K, reserved 1048576K
}
Event: 149.670 GC heap after
{Heap after GC invocations=14 (full 0):
 garbage-first heap   total 317440K, used 96054K [0x0000000083e00000, 0x0000000100000000)
  region size 1024K, 4 young (4096K), 4 survivors (4096K)
 Metaspace       used 10990K, committed 11200K, reserved 1114112K
  class space    used 1027K, committed 1152K, reserved 1048576K
}
Event: 187.510 GC heap before
{Heap before GC invocations=14 (full 0):
 garbage-first heap   total 317440K, used 282422K [0x0000000083e00000, 0x0000000100000000)
  region size 1024K, 186 young (190464K), 4 survivors (4096K)
 Metaspace       used 11089K, committed 11392K, reserved 1114112K
  class space    used 1028K, committed 1152K, reserved 1048576K
}
Event: 187.516 GC heap after
{Heap after GC invocations=15 (full 0):
 garbage-first heap   total 317440K, used 97601K [0x0000000083e00000, 0x0000000100000000)
  region size 1024K, 6 young (6144K), 6 survivors (6144K)
 Metaspace       used 11089K, committed 11392K, reserved 1114112K
  class space    used 1028K, committed 1152K, reserved 1048576K
}
Event: 200.683 GC heap before
{Heap before GC invocations=15 (full 0):
 garbage-first heap   total 317440K, used 281921K [0x0000000083e00000, 0x0000000100000000)
  region size 1024K, 186 young (190464K), 6 survivors (6144K)
 Metaspace       used 11223K, committed 11520K, reserved 1114112K
  class space    used 1028K, committed 1152K, reserved 1048576K
}
Event: 200.692 GC heap after
{Heap after GC invocations=16 (full 0):
 garbage-first heap   total 317440K, used 114486K [0x0000000083e00000, 0x0000000100000000)
  region size 1024K, 22 young (22528K), 22 survivors (22528K)
 Metaspace       used 11223K, committed 11520K, reserved 1114112K
  class space    used 1028K, committed 1152K, reserved 1048576K
}
Event: 209.068 GC heap before
{Heap before GC invocations=16 (full 0):
 garbage-first heap   total 317440K, used 282422K [0x0000000083e00000, 0x0000000100000000)
  region size 1024K, 186 young (190464K), 22 survivors (22528K)
 Metaspace       used 11318K, committed 11584K, reserved 1114112K
  class space    used 1028K, committed 1152K, reserved 1048576K
}
Event: 209.127 GC heap after
{Heap after GC invocations=17 (full 0):
 garbage-first heap   total 324608K, used 132876K [0x0000000083e00000, 0x0000000100000000)
  region size 1024K, 19 young (19456K), 19 survivors (19456K)
 Metaspace       used 11318K, committed 11584K, reserved 1114112K
  class space    used 1028K, committed 1152K, reserved 1048576K
}

